2022-03-30 19:17:08,572 INFO  7680 [main] o.s.b.StartupInfoLogger.logStarting(StartupInfoLogger.java:55) : Starting MuseitApplication using Java 17 on ren-ren with PID 7680 (D:\Projects\museit\target\classes started by rinya in D:\Projects\museit)
2022-03-30 19:17:08,576 DEBUG 7680 [main] o.s.b.StartupInfoLogger.logStarting(StartupInfoLogger.java:56) : Running with Spring Boot v2.6.4, Spring v5.3.16
2022-03-30 19:17:08,577 INFO  7680 [main] o.s.b.SpringApplication.logStartupProfileInfo(SpringApplication.java:640) : No active profile set, falling back to 1 default profile: "default"
2022-03-30 19:17:09,340 INFO  7680 [main] o.s.b.StartupInfoLogger.logStarted(StartupInfoLogger.java:61) : Started MuseitApplication in 1.007 seconds (JVM running for 1.805)
2022-03-30 19:17:09,362 ERROR 7680 [main] r.w.m.MuseitApplication.main(MuseitApplication.java:15) : msg
2022-03-30 19:18:48,997 INFO  10588 [main] o.s.b.StartupInfoLogger.logStarting(StartupInfoLogger.java:55) : Starting MuseitApplication using Java 17 on ren-ren with PID 10588 (D:\Projects\museit\target\classes started by rinya in D:\Projects\museit)
2022-03-30 19:18:49,001 DEBUG 10588 [main] o.s.b.StartupInfoLogger.logStarting(StartupInfoLogger.java:56) : Running with Spring Boot v2.6.4, Spring v5.3.16
2022-03-30 19:18:49,002 INFO  10588 [main] o.s.b.SpringApplication.logStartupProfileInfo(SpringApplication.java:640) : No active profile set, falling back to 1 default profile: "default"
2022-03-30 19:18:49,794 INFO  10588 [main] o.s.b.StartupInfoLogger.logStarted(StartupInfoLogger.java:61) : Started MuseitApplication in 1.017 seconds (JVM running for 1.884)
2022-03-30 19:18:49,796 ERROR 10588 [main] r.w.m.MuseitApplication.main(MuseitApplication.java:15) : msg
2022-03-30 19:19:06,317 INFO  10588 [http-nio-8080-exec-1] r.w.m.a.MusicAIGenerationApi.sendFile(MusicAIGenerationApi.java:30) : Send file to https://museitharm.herokuapp.com/api/file
2022-03-30 19:19:20,327 INFO  10588 [http-nio-8080-exec-1] r.w.m.a.MusicAIGenerationApi.sendFile(MusicAIGenerationApi.java:34) : Service return 200 status code
2022-03-30 19:19:20,329 INFO  10588 [http-nio-8080-exec-1] r.w.m.s.FileService.processFile(FileService.java:23) : File processing success
2022-03-30 19:20:24,176 INFO  10588 [http-nio-8080-exec-2] r.w.m.a.MusicAIGenerationApi.sendFile(MusicAIGenerationApi.java:30) : Send file to https://museitharm.herokuapp.com/api/file
2022-03-30 19:20:38,471 INFO  10588 [http-nio-8080-exec-2] r.w.m.a.MusicAIGenerationApi.sendFile(MusicAIGenerationApi.java:34) : Service return 200 status code
2022-03-30 19:20:38,473 ERROR 10588 [http-nio-8080-exec-2] r.w.m.s.FileService.processFile(FileService.java:26) : A exception while process file
org.apache.http.ConnectionClosedException: Premature end of Content-Length delimited message body (expected: 7 359; received: 1 085)
	at org.apache.http.impl.io.ContentLengthInputStream.read(ContentLengthInputStream.java:178) ~[httpcore-4.4.15.jar:4.4.15]
	at org.apache.http.conn.EofSensorInputStream.read(EofSensorInputStream.java:135) ~[httpclient-4.5.13.jar:4.5.13]
	at java.io.InputStream.readNBytes(InputStream.java:409) ~[?:?]
	at java.io.InputStream.readAllBytes(InputStream.java:346) ~[?:?]
	at ru.web.museit.service.FileService.processFile(FileService.java:22) [classes/:?]
	at ru.web.museit.controller.FileController.uploadFile(FileController.java:23) [classes/:?]
	at jdk.internal.reflect.NativeMethodAccessorImpl.invoke0(Native Method) ~[?:?]
	at jdk.internal.reflect.NativeMethodAccessorImpl.invoke(NativeMethodAccessorImpl.java:77) ~[?:?]
	at jdk.internal.reflect.DelegatingMethodAccessorImpl.invoke(DelegatingMethodAccessorImpl.java:43) ~[?:?]
	at java.lang.reflect.Method.invoke(Method.java:568) ~[?:?]
	at org.springframework.web.method.support.InvocableHandlerMethod.doInvoke(InvocableHandlerMethod.java:205) [spring-web-5.3.16.jar:5.3.16]
	at org.springframework.web.method.support.InvocableHandlerMethod.invokeForRequest(InvocableHandlerMethod.java:150) [spring-web-5.3.16.jar:5.3.16]
	at org.springframework.web.servlet.mvc.method.annotation.ServletInvocableHandlerMethod.invokeAndHandle(ServletInvocableHandlerMethod.java:117) [spring-webmvc-5.3.16.jar:5.3.16]
	at org.springframework.web.servlet.mvc.method.annotation.RequestMappingHandlerAdapter.invokeHandlerMethod(RequestMappingHandlerAdapter.java:895) [spring-webmvc-5.3.16.jar:5.3.16]
	at org.springframework.web.servlet.mvc.method.annotation.RequestMappingHandlerAdapter.handleInternal(RequestMappingHandlerAdapter.java:808) [spring-webmvc-5.3.16.jar:5.3.16]
	at org.springframework.web.servlet.mvc.method.AbstractHandlerMethodAdapter.handle(AbstractHandlerMethodAdapter.java:87) [spring-webmvc-5.3.16.jar:5.3.16]
	at org.springframework.web.servlet.DispatcherServlet.doDispatch(DispatcherServlet.java:1067) [spring-webmvc-5.3.16.jar:5.3.16]
	at org.springframework.web.servlet.DispatcherServlet.doService(DispatcherServlet.java:963) [spring-webmvc-5.3.16.jar:5.3.16]
	at org.springframework.web.servlet.FrameworkServlet.processRequest(FrameworkServlet.java:1006) [spring-webmvc-5.3.16.jar:5.3.16]
	at org.springframework.web.servlet.FrameworkServlet.doPost(FrameworkServlet.java:909) [spring-webmvc-5.3.16.jar:5.3.16]
	at javax.servlet.http.HttpServlet.service(HttpServlet.java:681) [tomcat-embed-core-9.0.58.jar:4.0.FR]
	at org.springframework.web.servlet.FrameworkServlet.service(FrameworkServlet.java:883) [spring-webmvc-5.3.16.jar:5.3.16]
	at javax.servlet.http.HttpServlet.service(HttpServlet.java:764) [tomcat-embed-core-9.0.58.jar:4.0.FR]
	at org.apache.catalina.core.ApplicationFilterChain.internalDoFilter(ApplicationFilterChain.java:227) [tomcat-embed-core-9.0.58.jar:9.0.58]
	at org.apache.catalina.core.ApplicationFilterChain.doFilter(ApplicationFilterChain.java:162) [tomcat-embed-core-9.0.58.jar:9.0.58]
	at org.apache.tomcat.websocket.server.WsFilter.doFilter(WsFilter.java:53) [tomcat-embed-websocket-9.0.58.jar:9.0.58]
	at org.apache.catalina.core.ApplicationFilterChain.internalDoFilter(ApplicationFilterChain.java:189) [tomcat-embed-core-9.0.58.jar:9.0.58]
	at org.apache.catalina.core.ApplicationFilterChain.doFilter(ApplicationFilterChain.java:162) [tomcat-embed-core-9.0.58.jar:9.0.58]
	at org.springframework.web.filter.RequestContextFilter.doFilterInternal(RequestContextFilter.java:100) [spring-web-5.3.16.jar:5.3.16]
	at org.springframework.web.filter.OncePerRequestFilter.doFilter(OncePerRequestFilter.java:117) [spring-web-5.3.16.jar:5.3.16]
	at org.apache.catalina.core.ApplicationFilterChain.internalDoFilter(ApplicationFilterChain.java:189) [tomcat-embed-core-9.0.58.jar:9.0.58]
	at org.apache.catalina.core.ApplicationFilterChain.doFilter(ApplicationFilterChain.java:162) [tomcat-embed-core-9.0.58.jar:9.0.58]
	at org.springframework.web.filter.FormContentFilter.doFilterInternal(FormContentFilter.java:93) [spring-web-5.3.16.jar:5.3.16]
	at org.springframework.web.filter.OncePerRequestFilter.doFilter(OncePerRequestFilter.java:117) [spring-web-5.3.16.jar:5.3.16]
	at org.apache.catalina.core.ApplicationFilterChain.internalDoFilter(ApplicationFilterChain.java:189) [tomcat-embed-core-9.0.58.jar:9.0.58]
	at org.apache.catalina.core.ApplicationFilterChain.doFilter(ApplicationFilterChain.java:162) [tomcat-embed-core-9.0.58.jar:9.0.58]
	at org.springframework.web.filter.CharacterEncodingFilter.doFilterInternal(CharacterEncodingFilter.java:201) [spring-web-5.3.16.jar:5.3.16]
	at org.springframework.web.filter.OncePerRequestFilter.doFilter(OncePerRequestFilter.java:117) [spring-web-5.3.16.jar:5.3.16]
	at org.apache.catalina.core.ApplicationFilterChain.internalDoFilter(ApplicationFilterChain.java:189) [tomcat-embed-core-9.0.58.jar:9.0.58]
	at org.apache.catalina.core.ApplicationFilterChain.doFilter(ApplicationFilterChain.java:162) [tomcat-embed-core-9.0.58.jar:9.0.58]
	at org.apache.catalina.core.StandardWrapperValve.invoke(StandardWrapperValve.java:197) [tomcat-embed-core-9.0.58.jar:9.0.58]
	at org.apache.catalina.core.StandardContextValve.invoke(StandardContextValve.java:97) [tomcat-embed-core-9.0.58.jar:9.0.58]
	at org.apache.catalina.authenticator.AuthenticatorBase.invoke(AuthenticatorBase.java:540) [tomcat-embed-core-9.0.58.jar:9.0.58]
	at org.apache.catalina.core.StandardHostValve.invoke(StandardHostValve.java:135) [tomcat-embed-core-9.0.58.jar:9.0.58]
	at org.apache.catalina.valves.ErrorReportValve.invoke(ErrorReportValve.java:92) [tomcat-embed-core-9.0.58.jar:9.0.58]
	at org.apache.catalina.core.StandardEngineValve.invoke(StandardEngineValve.java:78) [tomcat-embed-core-9.0.58.jar:9.0.58]
	at org.apache.catalina.connector.CoyoteAdapter.service(CoyoteAdapter.java:359) [tomcat-embed-core-9.0.58.jar:9.0.58]
	at org.apache.coyote.http11.Http11Processor.service(Http11Processor.java:399) [tomcat-embed-core-9.0.58.jar:9.0.58]
	at org.apache.coyote.AbstractProcessorLight.process(AbstractProcessorLight.java:65) [tomcat-embed-core-9.0.58.jar:9.0.58]
	at org.apache.coyote.AbstractProtocol$ConnectionHandler.process(AbstractProtocol.java:889) [tomcat-embed-core-9.0.58.jar:9.0.58]
	at org.apache.tomcat.util.net.NioEndpoint$SocketProcessor.doRun(NioEndpoint.java:1735) [tomcat-embed-core-9.0.58.jar:9.0.58]
	at org.apache.tomcat.util.net.SocketProcessorBase.run(SocketProcessorBase.java:49) [tomcat-embed-core-9.0.58.jar:9.0.58]
	at org.apache.tomcat.util.threads.ThreadPoolExecutor.runWorker(ThreadPoolExecutor.java:1191) [tomcat-embed-core-9.0.58.jar:9.0.58]
	at org.apache.tomcat.util.threads.ThreadPoolExecutor$Worker.run(ThreadPoolExecutor.java:659) [tomcat-embed-core-9.0.58.jar:9.0.58]
	at org.apache.tomcat.util.threads.TaskThread$WrappingRunnable.run(TaskThread.java:61) [tomcat-embed-core-9.0.58.jar:9.0.58]
	at java.lang.Thread.run(Thread.java:833) [?:?]
2022-03-30 19:20:38,480 WARN  10588 [http-nio-8080-exec-2] o.s.w.s.h.AbstractHandlerExceptionResolver.logException(AbstractHandlerExceptionResolver.java:208) : Resolved [org.springframework.http.converter.HttpMessageNotWritableException: No converter for [class ru.web.museit.response.MessageResponse] with preset Content-Type 'null']
2022-03-30 21:03:14,828 INFO  2908 [main] o.s.b.StartupInfoLogger.logStarting(StartupInfoLogger.java:55) : Starting MuseitApplication using Java 17 on ren-ren with PID 2908 (D:\Projects\museit\target\classes started by rinya in D:\Projects\museit)
2022-03-30 21:03:14,846 DEBUG 2908 [main] o.s.b.StartupInfoLogger.logStarting(StartupInfoLogger.java:56) : Running with Spring Boot v2.6.4, Spring v5.3.16
2022-03-30 21:03:14,846 INFO  2908 [main] o.s.b.SpringApplication.logStartupProfileInfo(SpringApplication.java:640) : No active profile set, falling back to 1 default profile: "default"
2022-03-30 21:03:15,793 INFO  2908 [main] o.s.b.StartupInfoLogger.logStarted(StartupInfoLogger.java:61) : Started MuseitApplication in 1.277 seconds (JVM running for 2.713)
2022-03-30 21:04:31,380 INFO  2908 [http-nio-8080-exec-2] r.w.m.a.MusicAIGenerationApi.sendFile(MusicAIGenerationApi.java:28) : Send file to https://museitharm.herokuapp.com/api/file
2022-03-30 21:05:01,522 INFO  2908 [http-nio-8080-exec-2] r.w.m.a.MusicAIGenerationApi.sendFile(MusicAIGenerationApi.java:32) : Service return 200 status code
2022-03-30 21:05:01,525 INFO  2908 [http-nio-8080-exec-2] r.w.m.s.FileService.processFile(FileService.java:20) : File processing success
2022-03-30 21:06:50,651 INFO  2908 [http-nio-8080-exec-3] r.w.m.a.MusicAIGenerationApi.sendFile(MusicAIGenerationApi.java:28) : Send file to https://museitharm.herokuapp.com/api/file
2022-03-30 21:07:08,152 INFO  2908 [http-nio-8080-exec-3] r.w.m.a.MusicAIGenerationApi.sendFile(MusicAIGenerationApi.java:32) : Service return 200 status code
2022-03-30 21:07:08,152 INFO  2908 [http-nio-8080-exec-3] r.w.m.s.FileService.processFile(FileService.java:20) : File processing success
2022-03-30 21:35:49,609 INFO  17736 [main] o.s.b.StartupInfoLogger.logStarting(StartupInfoLogger.java:55) : Starting MuseitApplication using Java 17 on ren-ren with PID 17736 (D:\Projects\museit\target\classes started by rinya in D:\Projects\museit)
2022-03-30 21:35:49,614 DEBUG 17736 [main] o.s.b.StartupInfoLogger.logStarting(StartupInfoLogger.java:56) : Running with Spring Boot v2.6.4, Spring v5.3.16
2022-03-30 21:35:49,615 INFO  17736 [main] o.s.b.SpringApplication.logStartupProfileInfo(SpringApplication.java:640) : No active profile set, falling back to 1 default profile: "default"
2022-03-30 21:35:50,425 INFO  17736 [main] o.s.b.StartupInfoLogger.logStarted(StartupInfoLogger.java:61) : Started MuseitApplication in 1.076 seconds (JVM running for 1.889)
2022-03-30 21:35:56,828 INFO  17736 [http-nio-8080-exec-1] r.w.m.a.MusicAIGenerationApi.sendFile(MusicAIGenerationApi.java:28) : Send file to https://museitharm.herokuapp.com/api/file
2022-03-30 21:35:58,974 INFO  17736 [http-nio-8080-exec-1] r.w.m.a.MusicAIGenerationApi.sendFile(MusicAIGenerationApi.java:32) : Service return 200 status code
2022-03-30 21:35:58,976 INFO  17736 [http-nio-8080-exec-1] r.w.m.s.FileService.processFile(FileService.java:20) : File processing success
2022-03-30 21:38:31,279 INFO  17736 [http-nio-8080-exec-2] r.w.m.a.MusicAIGenerationApi.sendFile(MusicAIGenerationApi.java:28) : Send file to https://museitharm.herokuapp.com/api/file
2022-03-30 21:38:33,467 INFO  17736 [http-nio-8080-exec-2] r.w.m.a.MusicAIGenerationApi.sendFile(MusicAIGenerationApi.java:32) : Service return 200 status code
2022-03-30 21:38:33,468 INFO  17736 [http-nio-8080-exec-2] r.w.m.s.FileService.processFile(FileService.java:20) : File processing success
2022-03-30 21:39:10,436 INFO  17736 [http-nio-8080-exec-3] r.w.m.a.MusicAIGenerationApi.sendFile(MusicAIGenerationApi.java:28) : Send file to https://museitharm.herokuapp.com/api/file
2022-03-30 21:39:12,535 INFO  17736 [http-nio-8080-exec-3] r.w.m.a.MusicAIGenerationApi.sendFile(MusicAIGenerationApi.java:32) : Service return 200 status code
2022-03-30 21:39:12,536 INFO  17736 [http-nio-8080-exec-3] r.w.m.s.FileService.processFile(FileService.java:20) : File processing success
2022-03-30 21:39:46,894 INFO  17736 [http-nio-8080-exec-4] r.w.m.a.MusicAIGenerationApi.sendFile(MusicAIGenerationApi.java:28) : Send file to https://museitharm.herokuapp.com/api/file
2022-03-30 21:39:48,825 INFO  17736 [http-nio-8080-exec-4] r.w.m.a.MusicAIGenerationApi.sendFile(MusicAIGenerationApi.java:32) : Service return 200 status code
2022-03-30 21:39:48,826 INFO  17736 [http-nio-8080-exec-4] r.w.m.s.FileService.processFile(FileService.java:20) : File processing success
2022-03-30 21:40:35,350 INFO  17736 [http-nio-8080-exec-5] r.w.m.a.MusicAIGenerationApi.sendFile(MusicAIGenerationApi.java:28) : Send file to https://museitharm.herokuapp.com/api/file
2022-03-30 21:40:37,292 INFO  17736 [http-nio-8080-exec-5] r.w.m.a.MusicAIGenerationApi.sendFile(MusicAIGenerationApi.java:32) : Service return 200 status code
2022-03-30 21:40:37,292 INFO  17736 [http-nio-8080-exec-5] r.w.m.s.FileService.processFile(FileService.java:20) : File processing success
2022-03-30 21:41:55,721 INFO  17736 [http-nio-8080-exec-6] r.w.m.a.MusicAIGenerationApi.sendFile(MusicAIGenerationApi.java:28) : Send file to https://museitharm.herokuapp.com/api/file
2022-03-30 21:41:57,802 INFO  17736 [http-nio-8080-exec-6] r.w.m.a.MusicAIGenerationApi.sendFile(MusicAIGenerationApi.java:32) : Service return 200 status code
2022-03-30 21:41:57,802 INFO  17736 [http-nio-8080-exec-6] r.w.m.s.FileService.processFile(FileService.java:20) : File processing success
2022-03-31 19:26:18,462 INFO  2748 [main] o.s.b.StartupInfoLogger.logStarting(StartupInfoLogger.java:55) : Starting MuseitApplication using Java 17 on ren-ren with PID 2748 (D:\Projects\museit\target\classes started by rinya in D:\Projects\museit)
2022-03-31 19:26:18,468 DEBUG 2748 [main] o.s.b.StartupInfoLogger.logStarting(StartupInfoLogger.java:56) : Running with Spring Boot v2.6.4, Spring v5.3.16
2022-03-31 19:26:18,468 INFO  2748 [main] o.s.b.SpringApplication.logStartupProfileInfo(SpringApplication.java:640) : No active profile set, falling back to 1 default profile: "default"
2022-03-31 19:26:19,443 INFO  2748 [main] o.s.b.StartupInfoLogger.logStarted(StartupInfoLogger.java:61) : Started MuseitApplication in 1.284 seconds (JVM running for 2.766)
2022-03-31 19:26:27,825 INFO  2748 [http-nio-8080-exec-2] r.w.m.a.MusicAIGenerationApi.sendFile(MusicAIGenerationApi.java:28) : Send file to https://museitharm.herokuapp.com/api/file
2022-03-31 19:26:48,590 INFO  2748 [http-nio-8080-exec-2] r.w.m.a.MusicAIGenerationApi.sendFile(MusicAIGenerationApi.java:32) : Service return 200 status code
2022-03-31 19:26:48,593 INFO  2748 [http-nio-8080-exec-2] r.w.m.s.FileService.processFile(FileService.java:20) : File processing success
2022-04-01 19:37:58,127 INFO  11168 [main] o.s.b.StartupInfoLogger.logStarting(StartupInfoLogger.java:55) : Starting MuseitApplication using Java 17 on ren-ren with PID 11168 (D:\Projects\museit\target\classes started by rinya in D:\Projects\museit)
2022-04-01 19:37:58,144 DEBUG 11168 [main] o.s.b.StartupInfoLogger.logStarting(StartupInfoLogger.java:56) : Running with Spring Boot v2.6.4, Spring v5.3.16
2022-04-01 19:37:58,145 INFO  11168 [main] o.s.b.SpringApplication.logStartupProfileInfo(SpringApplication.java:640) : No active profile set, falling back to 1 default profile: "default"
2022-04-01 19:37:59,143 INFO  11168 [main] o.s.b.StartupInfoLogger.logStarted(StartupInfoLogger.java:61) : Started MuseitApplication in 1.319 seconds (JVM running for 2.817)
2022-04-01 19:38:02,174 INFO  11168 [http-nio-8080-exec-1] r.w.m.a.MusicAIGenerationApi.sendFile(MusicAIGenerationApi.java:28) : Send file to https://museitharm.herokuapp.com/api/file
2022-04-01 19:38:21,277 INFO  11168 [http-nio-8080-exec-1] r.w.m.a.MusicAIGenerationApi.sendFile(MusicAIGenerationApi.java:32) : Service return 200 status code
2022-04-01 19:38:21,279 INFO  11168 [http-nio-8080-exec-1] r.w.m.s.FileService.processFile(FileService.java:20) : File processing success
2022-04-01 19:51:44,151 INFO  11168 [http-nio-8080-exec-3] r.w.m.a.MusicAIGenerationApi.sendFile(MusicAIGenerationApi.java:28) : Send file to https://museitharm.herokuapp.com/api/file
2022-04-01 19:51:46,802 INFO  11168 [http-nio-8080-exec-3] r.w.m.a.MusicAIGenerationApi.sendFile(MusicAIGenerationApi.java:32) : Service return 200 status code
2022-04-01 19:51:46,803 INFO  11168 [http-nio-8080-exec-3] r.w.m.s.FileService.processFile(FileService.java:20) : File processing success
2022-04-01 19:54:15,212 INFO  11168 [http-nio-8080-exec-4] r.w.m.a.MusicAIGenerationApi.sendFile(MusicAIGenerationApi.java:28) : Send file to https://museitharm.herokuapp.com/api/file
2022-04-01 19:54:17,828 INFO  11168 [http-nio-8080-exec-4] r.w.m.a.MusicAIGenerationApi.sendFile(MusicAIGenerationApi.java:32) : Service return 200 status code
2022-04-01 19:54:17,829 INFO  11168 [http-nio-8080-exec-4] r.w.m.s.FileService.processFile(FileService.java:20) : File processing success
2022-04-12 21:11:41,646 INFO  14976 [main] o.s.b.StartupInfoLogger.logStarting(StartupInfoLogger.java:55) : Starting MuseitApplication using Java 17 on ren-ren with PID 14976 (D:\Projects\museit\target\classes started by rinya in D:\Projects\museit)
2022-04-12 21:11:41,660 DEBUG 14976 [main] o.s.b.StartupInfoLogger.logStarting(StartupInfoLogger.java:56) : Running with Spring Boot v2.6.4, Spring v5.3.16
2022-04-12 21:11:41,660 INFO  14976 [main] o.s.b.SpringApplication.logStartupProfileInfo(SpringApplication.java:640) : No active profile set, falling back to 1 default profile: "default"
2022-04-12 21:11:42,587 INFO  14976 [main] o.s.b.StartupInfoLogger.logStarted(StartupInfoLogger.java:61) : Started MuseitApplication in 1.236 seconds (JVM running for 2.62)
2022-04-12 21:13:38,304 INFO  14976 [http-nio-8080-exec-1] r.w.m.a.MusicAIGenerationApi.sendFile(MusicAIGenerationApi.java:28) : Send file to https://museitharm.herokuapp.com/api/file
2022-04-12 21:13:51,373 INFO  14976 [http-nio-8080-exec-1] r.w.m.a.MusicAIGenerationApi.sendFile(MusicAIGenerationApi.java:32) : Service return 200 status code
2022-04-12 21:13:51,376 INFO  14976 [http-nio-8080-exec-1] r.w.m.s.FileService.processFile(FileService.java:20) : File processing success
2022-04-16 13:17:53,659 INFO  6912 [main] o.s.b.StartupInfoLogger.logStarting(StartupInfoLogger.java:55) : Starting MuseitApplication using Java 17 on ren-ren with PID 6912 (D:\Projects\museit\target\classes started by rinya in D:\Projects\museit)
2022-04-16 13:17:53,679 DEBUG 6912 [main] o.s.b.StartupInfoLogger.logStarting(StartupInfoLogger.java:56) : Running with Spring Boot v2.6.4, Spring v5.3.16
2022-04-16 13:17:53,680 INFO  6912 [main] o.s.b.SpringApplication.logStartupProfileInfo(SpringApplication.java:640) : No active profile set, falling back to 1 default profile: "default"
2022-04-16 13:17:54,585 INFO  6912 [main] o.s.b.StartupInfoLogger.logStarted(StartupInfoLogger.java:61) : Started MuseitApplication in 1.315 seconds (JVM running for 2.811)
2022-04-16 13:18:02,623 INFO  6912 [http-nio-8080-exec-2] r.w.m.a.MusicAIGenerationApi.sendFile(MusicAIGenerationApi.java:28) : Send file to https://museitharm.herokuapp.com/api/file
2022-04-16 13:18:13,819 INFO  6912 [http-nio-8080-exec-2] r.w.m.a.MusicAIGenerationApi.sendFile(MusicAIGenerationApi.java:32) : Service return 200 status code
2022-04-16 13:18:13,822 INFO  6912 [http-nio-8080-exec-2] r.w.m.s.FileService.processFile(FileService.java:20) : File processing success
2022-04-16 13:25:50,000 INFO  6912 [http-nio-8080-exec-3] r.w.m.a.MusicAIGenerationApi.sendFile(MusicAIGenerationApi.java:28) : Send file to https://museitharm.herokuapp.com/api/file
2022-04-16 13:25:50,758 INFO  6912 [http-nio-8080-exec-3] r.w.m.a.MusicAIGenerationApi.sendFile(MusicAIGenerationApi.java:32) : Service return 200 status code
2022-04-16 13:25:50,759 INFO  6912 [http-nio-8080-exec-3] r.w.m.s.FileService.processFile(FileService.java:20) : File processing success
2022-04-16 13:30:57,958 INFO  6912 [http-nio-8080-exec-4] r.w.m.a.MusicAIGenerationApi.sendFile(MusicAIGenerationApi.java:28) : Send file to https://museitharm.herokuapp.com/api/file
2022-04-16 13:30:58,715 INFO  6912 [http-nio-8080-exec-4] r.w.m.a.MusicAIGenerationApi.sendFile(MusicAIGenerationApi.java:32) : Service return 200 status code
2022-04-16 13:30:58,715 INFO  6912 [http-nio-8080-exec-4] r.w.m.s.FileService.processFile(FileService.java:20) : File processing success
2022-04-16 13:33:45,469 INFO  6912 [http-nio-8080-exec-5] r.w.m.a.MusicAIGenerationApi.sendFile(MusicAIGenerationApi.java:28) : Send file to https://museitharm.herokuapp.com/api/file
2022-04-16 13:33:46,211 INFO  6912 [http-nio-8080-exec-5] r.w.m.a.MusicAIGenerationApi.sendFile(MusicAIGenerationApi.java:32) : Service return 200 status code
2022-04-16 13:33:46,211 INFO  6912 [http-nio-8080-exec-5] r.w.m.s.FileService.processFile(FileService.java:20) : File processing success
2022-04-16 14:22:12,316 INFO  6912 [http-nio-8080-exec-7] r.w.m.a.MusicAIGenerationApi.sendFile(MusicAIGenerationApi.java:28) : Send file to https://museitharm.herokuapp.com/api/file
2022-04-16 14:22:23,914 INFO  6912 [http-nio-8080-exec-7] r.w.m.a.MusicAIGenerationApi.sendFile(MusicAIGenerationApi.java:32) : Service return 200 status code
2022-04-16 14:22:23,914 INFO  6912 [http-nio-8080-exec-7] r.w.m.s.FileService.processFile(FileService.java:20) : File processing success
2022-04-16 14:27:07,751 INFO  6912 [http-nio-8080-exec-8] r.w.m.a.MusicAIGenerationApi.sendFile(MusicAIGenerationApi.java:28) : Send file to https://museitharm.herokuapp.com/api/file
2022-04-16 14:27:08,479 INFO  6912 [http-nio-8080-exec-8] r.w.m.a.MusicAIGenerationApi.sendFile(MusicAIGenerationApi.java:32) : Service return 200 status code
2022-04-16 14:27:08,480 INFO  6912 [http-nio-8080-exec-8] r.w.m.s.FileService.processFile(FileService.java:20) : File processing success
2022-04-16 14:28:57,524 INFO  6912 [http-nio-8080-exec-9] r.w.m.a.MusicAIGenerationApi.sendFile(MusicAIGenerationApi.java:28) : Send file to https://museitharm.herokuapp.com/api/file
2022-04-16 14:28:58,247 INFO  6912 [http-nio-8080-exec-9] r.w.m.a.MusicAIGenerationApi.sendFile(MusicAIGenerationApi.java:32) : Service return 200 status code
2022-04-16 14:28:58,248 INFO  6912 [http-nio-8080-exec-9] r.w.m.s.FileService.processFile(FileService.java:20) : File processing success
2022-04-16 16:25:59,566 INFO  6912 [http-nio-8080-exec-10] r.w.m.a.MusicAIGenerationApi.sendFile(MusicAIGenerationApi.java:28) : Send file to https://museitharm.herokuapp.com/api/file
2022-04-16 16:26:12,054 INFO  6912 [http-nio-8080-exec-10] r.w.m.a.MusicAIGenerationApi.sendFile(MusicAIGenerationApi.java:32) : Service return 200 status code
2022-04-16 16:26:12,055 INFO  6912 [http-nio-8080-exec-10] r.w.m.s.FileService.processFile(FileService.java:20) : File processing success
2022-04-16 16:26:55,416 INFO  6912 [http-nio-8080-exec-1] r.w.m.a.MusicAIGenerationApi.sendFile(MusicAIGenerationApi.java:28) : Send file to https://museitharm.herokuapp.com/api/file
2022-04-16 16:26:56,139 INFO  6912 [http-nio-8080-exec-1] r.w.m.a.MusicAIGenerationApi.sendFile(MusicAIGenerationApi.java:32) : Service return 200 status code
2022-04-16 16:26:56,139 INFO  6912 [http-nio-8080-exec-1] r.w.m.s.FileService.processFile(FileService.java:20) : File processing success
2022-04-17 16:15:33,381 INFO  7980 [main] o.s.b.StartupInfoLogger.logStarting(StartupInfoLogger.java:55) : Starting MuseitApplication using Java 17 on ren-ren with PID 7980 (D:\Projects\museit\target\classes started by rinya in D:\Projects\museit)
2022-04-17 16:15:33,385 DEBUG 7980 [main] o.s.b.StartupInfoLogger.logStarting(StartupInfoLogger.java:56) : Running with Spring Boot v2.6.4, Spring v5.3.16
2022-04-17 16:15:33,386 INFO  7980 [main] o.s.b.SpringApplication.logStartupProfileInfo(SpringApplication.java:640) : No active profile set, falling back to 1 default profile: "default"
2022-04-17 16:15:34,158 INFO  7980 [main] o.s.b.StartupInfoLogger.logStarted(StartupInfoLogger.java:61) : Started MuseitApplication in 1.002 seconds (JVM running for 1.654)
2022-04-17 16:18:41,476 INFO  9716 [main] o.s.b.StartupInfoLogger.logStarting(StartupInfoLogger.java:55) : Starting MuseitApplication using Java 17 on ren-ren with PID 9716 (D:\Projects\museit\target\classes started by rinya in D:\Projects\museit)
2022-04-17 16:18:41,481 DEBUG 9716 [main] o.s.b.StartupInfoLogger.logStarting(StartupInfoLogger.java:56) : Running with Spring Boot v2.6.4, Spring v5.3.16
2022-04-17 16:18:41,482 INFO  9716 [main] o.s.b.SpringApplication.logStartupProfileInfo(SpringApplication.java:640) : No active profile set, falling back to 1 default profile: "default"
2022-04-17 16:18:42,268 INFO  9716 [main] o.s.b.StartupInfoLogger.logStarted(StartupInfoLogger.java:61) : Started MuseitApplication in 1.01 seconds (JVM running for 1.641)
2022-04-17 16:19:05,017 WARN  9716 [http-nio-8080-exec-1] o.s.w.s.h.AbstractHandlerExceptionResolver.logException(AbstractHandlerExceptionResolver.java:208) : Resolved [org.springframework.web.bind.MissingServletRequestParameterException: Required request parameter 'req' for method parameter type FeedbackRequest is not present]
2022-04-17 16:28:31,989 INFO  4784 [main] o.s.b.StartupInfoLogger.logStarting(StartupInfoLogger.java:55) : Starting MuseitApplication using Java 17 on ren-ren with PID 4784 (D:\Projects\museit\target\classes started by rinya in D:\Projects\museit)
2022-04-17 16:28:31,994 DEBUG 4784 [main] o.s.b.StartupInfoLogger.logStarting(StartupInfoLogger.java:56) : Running with Spring Boot v2.6.4, Spring v5.3.16
2022-04-17 16:28:31,995 INFO  4784 [main] o.s.b.SpringApplication.logStartupProfileInfo(SpringApplication.java:640) : No active profile set, falling back to 1 default profile: "default"
2022-04-17 16:28:32,809 INFO  4784 [main] o.s.b.StartupInfoLogger.logStarted(StartupInfoLogger.java:61) : Started MuseitApplication in 1.039 seconds (JVM running for 1.786)
2022-04-17 16:28:54,418 WARN  4784 [http-nio-8080-exec-2] o.s.w.s.h.AbstractHandlerExceptionResolver.logException(AbstractHandlerExceptionResolver.java:208) : Resolved [org.springframework.web.bind.MissingServletRequestParameterException: Required request parameter 'feedbackRequest' for method parameter type FeedbackRequest is not present]
2022-04-17 16:29:27,010 INFO  16016 [main] o.s.b.StartupInfoLogger.logStarting(StartupInfoLogger.java:55) : Starting MuseitApplication using Java 17 on ren-ren with PID 16016 (D:\Projects\museit\target\classes started by rinya in D:\Projects\museit)
2022-04-17 16:29:27,019 DEBUG 16016 [main] o.s.b.StartupInfoLogger.logStarting(StartupInfoLogger.java:56) : Running with Spring Boot v2.6.4, Spring v5.3.16
2022-04-17 16:29:27,019 INFO  16016 [main] o.s.b.SpringApplication.logStartupProfileInfo(SpringApplication.java:640) : No active profile set, falling back to 1 default profile: "default"
2022-04-17 16:29:27,827 INFO  16016 [main] o.s.b.StartupInfoLogger.logStarted(StartupInfoLogger.java:61) : Started MuseitApplication in 1.039 seconds (JVM running for 1.797)
2022-04-17 16:29:35,585 WARN  16016 [http-nio-8080-exec-1] o.s.w.s.h.AbstractHandlerExceptionResolver.logException(AbstractHandlerExceptionResolver.java:208) : Resolved [org.springframework.web.bind.MissingServletRequestParameterException: Required request parameter 'feedbackRequest' for method parameter type FeedbackRequest is not present]
2022-04-17 16:29:37,543 WARN  16016 [http-nio-8080-exec-2] o.s.w.s.h.AbstractHandlerExceptionResolver.logException(AbstractHandlerExceptionResolver.java:208) : Resolved [org.springframework.web.bind.MissingServletRequestParameterException: Required request parameter 'feedbackRequest' for method parameter type FeedbackRequest is not present]
2022-04-17 16:34:11,245 INFO  18228 [main] o.s.b.StartupInfoLogger.logStarting(StartupInfoLogger.java:55) : Starting MuseitApplication using Java 17 on ren-ren with PID 18228 (D:\Projects\museit\target\classes started by rinya in D:\Projects\museit)
2022-04-17 16:34:11,252 DEBUG 18228 [main] o.s.b.StartupInfoLogger.logStarting(StartupInfoLogger.java:56) : Running with Spring Boot v2.6.4, Spring v5.3.16
2022-04-17 16:34:11,252 INFO  18228 [main] o.s.b.SpringApplication.logStartupProfileInfo(SpringApplication.java:640) : No active profile set, falling back to 1 default profile: "default"
2022-04-17 16:34:12,029 INFO  18228 [main] o.s.b.StartupInfoLogger.logStarted(StartupInfoLogger.java:61) : Started MuseitApplication in 0.999 seconds (JVM running for 1.792)
2022-04-17 16:34:27,331 WARN  18228 [http-nio-8080-exec-1] o.s.w.s.h.AbstractHandlerExceptionResolver.logException(AbstractHandlerExceptionResolver.java:208) : Resolved [org.springframework.web.multipart.support.MissingServletRequestPartException: Required request part 'feedbackRequest' is not present]
2022-04-17 16:36:31,459 INFO  11912 [main] o.s.b.StartupInfoLogger.logStarting(StartupInfoLogger.java:55) : Starting MuseitApplication using Java 17 on ren-ren with PID 11912 (D:\Projects\museit\target\classes started by rinya in D:\Projects\museit)
2022-04-17 16:36:31,464 DEBUG 11912 [main] o.s.b.StartupInfoLogger.logStarting(StartupInfoLogger.java:56) : Running with Spring Boot v2.6.4, Spring v5.3.16
2022-04-17 16:36:31,464 INFO  11912 [main] o.s.b.SpringApplication.logStartupProfileInfo(SpringApplication.java:640) : No active profile set, falling back to 1 default profile: "default"
2022-04-17 16:36:32,229 INFO  11912 [main] o.s.b.StartupInfoLogger.logStarted(StartupInfoLogger.java:61) : Started MuseitApplication in 0.986 seconds (JVM running for 1.727)
2022-04-17 16:36:44,736 WARN  11912 [http-nio-8080-exec-1] o.s.w.s.h.AbstractHandlerExceptionResolver.logException(AbstractHandlerExceptionResolver.java:208) : Resolved [org.springframework.web.bind.MissingServletRequestParameterException: Required request parameter 'feedbackRequest' for method parameter type FeedbackRequest is not present]
2022-04-17 16:38:37,488 INFO  18928 [main] o.s.b.StartupInfoLogger.logStarting(StartupInfoLogger.java:55) : Starting MuseitApplication using Java 17 on ren-ren with PID 18928 (D:\Projects\museit\target\classes started by rinya in D:\Projects\museit)
2022-04-17 16:38:37,492 DEBUG 18928 [main] o.s.b.StartupInfoLogger.logStarting(StartupInfoLogger.java:56) : Running with Spring Boot v2.6.4, Spring v5.3.16
2022-04-17 16:38:37,493 INFO  18928 [main] o.s.b.SpringApplication.logStartupProfileInfo(SpringApplication.java:640) : No active profile set, falling back to 1 default profile: "default"
2022-04-17 16:38:38,253 INFO  18928 [main] o.s.b.StartupInfoLogger.logStarted(StartupInfoLogger.java:61) : Started MuseitApplication in 0.984 seconds (JVM running for 1.746)
2022-04-17 16:39:41,114 INFO  15636 [main] o.s.b.StartupInfoLogger.logStarting(StartupInfoLogger.java:55) : Starting MuseitApplication using Java 17 on ren-ren with PID 15636 (D:\Projects\museit\target\classes started by rinya in D:\Projects\museit)
2022-04-17 16:39:41,119 DEBUG 15636 [main] o.s.b.StartupInfoLogger.logStarting(StartupInfoLogger.java:56) : Running with Spring Boot v2.6.4, Spring v5.3.16
2022-04-17 16:39:41,119 INFO  15636 [main] o.s.b.SpringApplication.logStartupProfileInfo(SpringApplication.java:640) : No active profile set, falling back to 1 default profile: "default"
2022-04-17 16:39:41,894 INFO  15636 [main] o.s.b.StartupInfoLogger.logStarted(StartupInfoLogger.java:61) : Started MuseitApplication in 0.996 seconds (JVM running for 1.857)
2022-04-17 19:00:43,674 INFO  17044 [main] o.s.b.StartupInfoLogger.logStarting(StartupInfoLogger.java:55) : Starting MuseitApplication using Java 17 on ren-ren with PID 17044 (D:\Projects\museit\target\classes started by rinya in D:\Projects\museit)
2022-04-17 19:00:43,679 DEBUG 17044 [main] o.s.b.StartupInfoLogger.logStarting(StartupInfoLogger.java:56) : Running with Spring Boot v2.6.4, Spring v5.3.16
2022-04-17 19:00:43,680 INFO  17044 [main] o.s.b.SpringApplication.logStartupProfileInfo(SpringApplication.java:640) : No active profile set, falling back to 1 default profile: "default"
2022-04-17 19:00:44,467 INFO  17044 [main] o.s.b.StartupInfoLogger.logStarted(StartupInfoLogger.java:61) : Started MuseitApplication in 1.034 seconds (JVM running for 1.708)
2022-04-17 19:00:58,145 INFO  17776 [main] o.s.b.StartupInfoLogger.logStarting(StartupInfoLogger.java:55) : Starting MuseitApplication using Java 17 on ren-ren with PID 17776 (D:\Projects\museit\target\classes started by rinya in D:\Projects\museit)
2022-04-17 19:00:58,150 DEBUG 17776 [main] o.s.b.StartupInfoLogger.logStarting(StartupInfoLogger.java:56) : Running with Spring Boot v2.6.4, Spring v5.3.16
2022-04-17 19:00:58,151 INFO  17776 [main] o.s.b.SpringApplication.logStartupProfileInfo(SpringApplication.java:640) : No active profile set, falling back to 1 default profile: "default"
2022-04-17 19:00:58,945 INFO  17776 [main] o.s.b.StartupInfoLogger.logStarted(StartupInfoLogger.java:61) : Started MuseitApplication in 1.021 seconds (JVM running for 1.842)
2022-04-17 19:08:05,994 INFO  17776 [http-nio-8080-exec-1] r.w.m.a.MusicAIGenerationApi.sendFile(MusicAIGenerationApi.java:28) : Send file to https://museitharm.herokuapp.com/api/file
2022-04-17 19:08:19,287 INFO  17776 [http-nio-8080-exec-1] r.w.m.a.MusicAIGenerationApi.sendFile(MusicAIGenerationApi.java:32) : Service return 200 status code
2022-04-17 19:08:19,289 INFO  17776 [http-nio-8080-exec-1] r.w.m.s.FileService.processFile(FileService.java:20) : File processing success
2022-04-22 16:06:46,710 INFO  11376 [main] o.s.b.StartupInfoLogger.logStarting(StartupInfoLogger.java:55) : Starting MuseitApplication using Java 17 on ren-ren with PID 11376 (D:\Projects\museit\target\classes started by rinya in D:\Projects\museit)
2022-04-22 16:06:46,726 DEBUG 11376 [main] o.s.b.StartupInfoLogger.logStarting(StartupInfoLogger.java:56) : Running with Spring Boot v2.6.4, Spring v5.3.16
2022-04-22 16:06:46,726 INFO  11376 [main] o.s.b.SpringApplication.logStartupProfileInfo(SpringApplication.java:640) : No active profile set, falling back to 1 default profile: "default"
2022-04-22 16:06:47,625 INFO  11376 [main] o.s.b.StartupInfoLogger.logStarted(StartupInfoLogger.java:61) : Started MuseitApplication in 1.228 seconds (JVM running for 2.547)
2022-04-22 16:12:06,386 ERROR 11376 [http-nio-8080-exec-2] o.a.j.l.DirectJDKLog.log(DirectJDKLog.java:175) : Servlet.service() for servlet [dispatcherServlet] in context with path [] threw exception [Request processing failed; nested exception is org.springframework.mail.MailAuthenticationException: Authentication failed; nested exception is javax.mail.AuthenticationFailedException: 535-5.7.8 Username and Password not accepted. Learn more at
535 5.7.8  https://support.google.com/mail/?p=BadCredentials p2-20020a19f102000000b0046d09d60becsm189098lfh.141 - gsmtp
] with root cause
javax.mail.AuthenticationFailedException: 535-5.7.8 Username and Password not accepted. Learn more at
535 5.7.8  https://support.google.com/mail/?p=BadCredentials p2-20020a19f102000000b0046d09d60becsm189098lfh.141 - gsmtp

	at com.sun.mail.smtp.SMTPTransport$Authenticator.authenticate(SMTPTransport.java:947) ~[jakarta.mail-1.6.7.jar:1.6.7]
	at com.sun.mail.smtp.SMTPTransport.authenticate(SMTPTransport.java:858) ~[jakarta.mail-1.6.7.jar:1.6.7]
	at com.sun.mail.smtp.SMTPTransport.protocolConnect(SMTPTransport.java:762) ~[jakarta.mail-1.6.7.jar:1.6.7]
	at javax.mail.Service.connect(Service.java:342) ~[jakarta.mail-1.6.7.jar:1.6.7]
	at org.springframework.mail.javamail.JavaMailSenderImpl.connectTransport(JavaMailSenderImpl.java:518) ~[spring-context-support-5.3.16.jar:5.3.16]
	at org.springframework.mail.javamail.JavaMailSenderImpl.doSend(JavaMailSenderImpl.java:437) ~[spring-context-support-5.3.16.jar:5.3.16]
	at org.springframework.mail.javamail.JavaMailSenderImpl.send(JavaMailSenderImpl.java:361) ~[spring-context-support-5.3.16.jar:5.3.16]
	at org.springframework.mail.javamail.JavaMailSenderImpl.send(JavaMailSenderImpl.java:356) ~[spring-context-support-5.3.16.jar:5.3.16]
	at ru.web.museit.service.SendEmail.sendMailWithFile(SendEmail.java:42) ~[classes/:?]
	at ru.web.museit.controller.FeedbackController.sendFeedback(FeedbackController.java:22) ~[classes/:?]
	at jdk.internal.reflect.NativeMethodAccessorImpl.invoke0(Native Method) ~[?:?]
	at jdk.internal.reflect.NativeMethodAccessorImpl.invoke(NativeMethodAccessorImpl.java:77) ~[?:?]
	at jdk.internal.reflect.DelegatingMethodAccessorImpl.invoke(DelegatingMethodAccessorImpl.java:43) ~[?:?]
	at java.lang.reflect.Method.invoke(Method.java:568) ~[?:?]
	at org.springframework.web.method.support.InvocableHandlerMethod.doInvoke(InvocableHandlerMethod.java:205) ~[spring-web-5.3.16.jar:5.3.16]
	at org.springframework.web.method.support.InvocableHandlerMethod.invokeForRequest(InvocableHandlerMethod.java:150) ~[spring-web-5.3.16.jar:5.3.16]
	at org.springframework.web.servlet.mvc.method.annotation.ServletInvocableHandlerMethod.invokeAndHandle(ServletInvocableHandlerMethod.java:117) ~[spring-webmvc-5.3.16.jar:5.3.16]
	at org.springframework.web.servlet.mvc.method.annotation.RequestMappingHandlerAdapter.invokeHandlerMethod(RequestMappingHandlerAdapter.java:895) ~[spring-webmvc-5.3.16.jar:5.3.16]
	at org.springframework.web.servlet.mvc.method.annotation.RequestMappingHandlerAdapter.handleInternal(RequestMappingHandlerAdapter.java:808) ~[spring-webmvc-5.3.16.jar:5.3.16]
	at org.springframework.web.servlet.mvc.method.AbstractHandlerMethodAdapter.handle(AbstractHandlerMethodAdapter.java:87) ~[spring-webmvc-5.3.16.jar:5.3.16]
	at org.springframework.web.servlet.DispatcherServlet.doDispatch(DispatcherServlet.java:1067) ~[spring-webmvc-5.3.16.jar:5.3.16]
	at org.springframework.web.servlet.DispatcherServlet.doService(DispatcherServlet.java:963) ~[spring-webmvc-5.3.16.jar:5.3.16]
	at org.springframework.web.servlet.FrameworkServlet.processRequest(FrameworkServlet.java:1006) ~[spring-webmvc-5.3.16.jar:5.3.16]
	at org.springframework.web.servlet.FrameworkServlet.doPost(FrameworkServlet.java:909) ~[spring-webmvc-5.3.16.jar:5.3.16]
	at javax.servlet.http.HttpServlet.service(HttpServlet.java:681) ~[tomcat-embed-core-9.0.58.jar:4.0.FR]
	at org.springframework.web.servlet.FrameworkServlet.service(FrameworkServlet.java:883) ~[spring-webmvc-5.3.16.jar:5.3.16]
	at javax.servlet.http.HttpServlet.service(HttpServlet.java:764) ~[tomcat-embed-core-9.0.58.jar:4.0.FR]
	at org.apache.catalina.core.ApplicationFilterChain.internalDoFilter(ApplicationFilterChain.java:227) ~[tomcat-embed-core-9.0.58.jar:9.0.58]
	at org.apache.catalina.core.ApplicationFilterChain.doFilter(ApplicationFilterChain.java:162) ~[tomcat-embed-core-9.0.58.jar:9.0.58]
	at org.apache.tomcat.websocket.server.WsFilter.doFilter(WsFilter.java:53) ~[tomcat-embed-websocket-9.0.58.jar:9.0.58]
	at org.apache.catalina.core.ApplicationFilterChain.internalDoFilter(ApplicationFilterChain.java:189) ~[tomcat-embed-core-9.0.58.jar:9.0.58]
	at org.apache.catalina.core.ApplicationFilterChain.doFilter(ApplicationFilterChain.java:162) ~[tomcat-embed-core-9.0.58.jar:9.0.58]
	at org.springframework.web.filter.RequestContextFilter.doFilterInternal(RequestContextFilter.java:100) ~[spring-web-5.3.16.jar:5.3.16]
	at org.springframework.web.filter.OncePerRequestFilter.doFilter(OncePerRequestFilter.java:117) ~[spring-web-5.3.16.jar:5.3.16]
	at org.apache.catalina.core.ApplicationFilterChain.internalDoFilter(ApplicationFilterChain.java:189) ~[tomcat-embed-core-9.0.58.jar:9.0.58]
	at org.apache.catalina.core.ApplicationFilterChain.doFilter(ApplicationFilterChain.java:162) ~[tomcat-embed-core-9.0.58.jar:9.0.58]
	at org.springframework.web.filter.FormContentFilter.doFilterInternal(FormContentFilter.java:93) ~[spring-web-5.3.16.jar:5.3.16]
	at org.springframework.web.filter.OncePerRequestFilter.doFilter(OncePerRequestFilter.java:117) ~[spring-web-5.3.16.jar:5.3.16]
	at org.apache.catalina.core.ApplicationFilterChain.internalDoFilter(ApplicationFilterChain.java:189) ~[tomcat-embed-core-9.0.58.jar:9.0.58]
	at org.apache.catalina.core.ApplicationFilterChain.doFilter(ApplicationFilterChain.java:162) ~[tomcat-embed-core-9.0.58.jar:9.0.58]
	at org.springframework.web.filter.CharacterEncodingFilter.doFilterInternal(CharacterEncodingFilter.java:201) ~[spring-web-5.3.16.jar:5.3.16]
	at org.springframework.web.filter.OncePerRequestFilter.doFilter(OncePerRequestFilter.java:117) ~[spring-web-5.3.16.jar:5.3.16]
	at org.apache.catalina.core.ApplicationFilterChain.internalDoFilter(ApplicationFilterChain.java:189) ~[tomcat-embed-core-9.0.58.jar:9.0.58]
	at org.apache.catalina.core.ApplicationFilterChain.doFilter(ApplicationFilterChain.java:162) ~[tomcat-embed-core-9.0.58.jar:9.0.58]
	at org.apache.catalina.core.StandardWrapperValve.invoke(StandardWrapperValve.java:197) [tomcat-embed-core-9.0.58.jar:9.0.58]
	at org.apache.catalina.core.StandardContextValve.invoke(StandardContextValve.java:97) [tomcat-embed-core-9.0.58.jar:9.0.58]
	at org.apache.catalina.authenticator.AuthenticatorBase.invoke(AuthenticatorBase.java:540) [tomcat-embed-core-9.0.58.jar:9.0.58]
	at org.apache.catalina.core.StandardHostValve.invoke(StandardHostValve.java:135) [tomcat-embed-core-9.0.58.jar:9.0.58]
	at org.apache.catalina.valves.ErrorReportValve.invoke(ErrorReportValve.java:92) [tomcat-embed-core-9.0.58.jar:9.0.58]
	at org.apache.catalina.core.StandardEngineValve.invoke(StandardEngineValve.java:78) [tomcat-embed-core-9.0.58.jar:9.0.58]
	at org.apache.catalina.connector.CoyoteAdapter.service(CoyoteAdapter.java:359) [tomcat-embed-core-9.0.58.jar:9.0.58]
	at org.apache.coyote.http11.Http11Processor.service(Http11Processor.java:399) [tomcat-embed-core-9.0.58.jar:9.0.58]
	at org.apache.coyote.AbstractProcessorLight.process(AbstractProcessorLight.java:65) [tomcat-embed-core-9.0.58.jar:9.0.58]
	at org.apache.coyote.AbstractProtocol$ConnectionHandler.process(AbstractProtocol.java:889) [tomcat-embed-core-9.0.58.jar:9.0.58]
	at org.apache.tomcat.util.net.NioEndpoint$SocketProcessor.doRun(NioEndpoint.java:1735) [tomcat-embed-core-9.0.58.jar:9.0.58]
	at org.apache.tomcat.util.net.SocketProcessorBase.run(SocketProcessorBase.java:49) [tomcat-embed-core-9.0.58.jar:9.0.58]
	at org.apache.tomcat.util.threads.ThreadPoolExecutor.runWorker(ThreadPoolExecutor.java:1191) [tomcat-embed-core-9.0.58.jar:9.0.58]
	at org.apache.tomcat.util.threads.ThreadPoolExecutor$Worker.run(ThreadPoolExecutor.java:659) [tomcat-embed-core-9.0.58.jar:9.0.58]
	at org.apache.tomcat.util.threads.TaskThread$WrappingRunnable.run(TaskThread.java:61) [tomcat-embed-core-9.0.58.jar:9.0.58]
	at java.lang.Thread.run(Thread.java:833) [?:?]
2022-04-22 16:13:18,597 ERROR 11376 [http-nio-8080-exec-3] o.a.j.l.DirectJDKLog.log(DirectJDKLog.java:175) : Servlet.service() for servlet [dispatcherServlet] in context with path [] threw exception [Request processing failed; nested exception is org.springframework.mail.MailAuthenticationException: Authentication failed; nested exception is javax.mail.AuthenticationFailedException: 535-5.7.8 Username and Password not accepted. Learn more at
535 5.7.8  https://support.google.com/mail/?p=BadCredentials i23-20020a05651233b700b0046d02b00e85sm188223lfg.223 - gsmtp
] with root cause
javax.mail.AuthenticationFailedException: 535-5.7.8 Username and Password not accepted. Learn more at
535 5.7.8  https://support.google.com/mail/?p=BadCredentials i23-20020a05651233b700b0046d02b00e85sm188223lfg.223 - gsmtp

	at com.sun.mail.smtp.SMTPTransport$Authenticator.authenticate(SMTPTransport.java:947) ~[jakarta.mail-1.6.7.jar:1.6.7]
	at com.sun.mail.smtp.SMTPTransport.authenticate(SMTPTransport.java:858) ~[jakarta.mail-1.6.7.jar:1.6.7]
	at com.sun.mail.smtp.SMTPTransport.protocolConnect(SMTPTransport.java:762) ~[jakarta.mail-1.6.7.jar:1.6.7]
	at javax.mail.Service.connect(Service.java:342) ~[jakarta.mail-1.6.7.jar:1.6.7]
	at org.springframework.mail.javamail.JavaMailSenderImpl.connectTransport(JavaMailSenderImpl.java:518) ~[spring-context-support-5.3.16.jar:5.3.16]
	at org.springframework.mail.javamail.JavaMailSenderImpl.doSend(JavaMailSenderImpl.java:437) ~[spring-context-support-5.3.16.jar:5.3.16]
	at org.springframework.mail.javamail.JavaMailSenderImpl.send(JavaMailSenderImpl.java:361) ~[spring-context-support-5.3.16.jar:5.3.16]
	at org.springframework.mail.javamail.JavaMailSenderImpl.send(JavaMailSenderImpl.java:356) ~[spring-context-support-5.3.16.jar:5.3.16]
	at ru.web.museit.service.SendEmail.sendMailWithFile(SendEmail.java:42) ~[classes/:?]
	at ru.web.museit.controller.FeedbackController.sendFeedback(FeedbackController.java:22) ~[classes/:?]
	at jdk.internal.reflect.NativeMethodAccessorImpl.invoke0(Native Method) ~[?:?]
	at jdk.internal.reflect.NativeMethodAccessorImpl.invoke(NativeMethodAccessorImpl.java:77) ~[?:?]
	at jdk.internal.reflect.DelegatingMethodAccessorImpl.invoke(DelegatingMethodAccessorImpl.java:43) ~[?:?]
	at java.lang.reflect.Method.invoke(Method.java:568) ~[?:?]
	at org.springframework.web.method.support.InvocableHandlerMethod.doInvoke(InvocableHandlerMethod.java:205) ~[spring-web-5.3.16.jar:5.3.16]
	at org.springframework.web.method.support.InvocableHandlerMethod.invokeForRequest(InvocableHandlerMethod.java:150) ~[spring-web-5.3.16.jar:5.3.16]
	at org.springframework.web.servlet.mvc.method.annotation.ServletInvocableHandlerMethod.invokeAndHandle(ServletInvocableHandlerMethod.java:117) ~[spring-webmvc-5.3.16.jar:5.3.16]
	at org.springframework.web.servlet.mvc.method.annotation.RequestMappingHandlerAdapter.invokeHandlerMethod(RequestMappingHandlerAdapter.java:895) ~[spring-webmvc-5.3.16.jar:5.3.16]
	at org.springframework.web.servlet.mvc.method.annotation.RequestMappingHandlerAdapter.handleInternal(RequestMappingHandlerAdapter.java:808) ~[spring-webmvc-5.3.16.jar:5.3.16]
	at org.springframework.web.servlet.mvc.method.AbstractHandlerMethodAdapter.handle(AbstractHandlerMethodAdapter.java:87) ~[spring-webmvc-5.3.16.jar:5.3.16]
	at org.springframework.web.servlet.DispatcherServlet.doDispatch(DispatcherServlet.java:1067) ~[spring-webmvc-5.3.16.jar:5.3.16]
	at org.springframework.web.servlet.DispatcherServlet.doService(DispatcherServlet.java:963) ~[spring-webmvc-5.3.16.jar:5.3.16]
	at org.springframework.web.servlet.FrameworkServlet.processRequest(FrameworkServlet.java:1006) ~[spring-webmvc-5.3.16.jar:5.3.16]
	at org.springframework.web.servlet.FrameworkServlet.doPost(FrameworkServlet.java:909) ~[spring-webmvc-5.3.16.jar:5.3.16]
	at javax.servlet.http.HttpServlet.service(HttpServlet.java:681) ~[tomcat-embed-core-9.0.58.jar:4.0.FR]
	at org.springframework.web.servlet.FrameworkServlet.service(FrameworkServlet.java:883) ~[spring-webmvc-5.3.16.jar:5.3.16]
	at javax.servlet.http.HttpServlet.service(HttpServlet.java:764) ~[tomcat-embed-core-9.0.58.jar:4.0.FR]
	at org.apache.catalina.core.ApplicationFilterChain.internalDoFilter(ApplicationFilterChain.java:227) ~[tomcat-embed-core-9.0.58.jar:9.0.58]
	at org.apache.catalina.core.ApplicationFilterChain.doFilter(ApplicationFilterChain.java:162) ~[tomcat-embed-core-9.0.58.jar:9.0.58]
	at org.apache.tomcat.websocket.server.WsFilter.doFilter(WsFilter.java:53) ~[tomcat-embed-websocket-9.0.58.jar:9.0.58]
	at org.apache.catalina.core.ApplicationFilterChain.internalDoFilter(ApplicationFilterChain.java:189) ~[tomcat-embed-core-9.0.58.jar:9.0.58]
	at org.apache.catalina.core.ApplicationFilterChain.doFilter(ApplicationFilterChain.java:162) ~[tomcat-embed-core-9.0.58.jar:9.0.58]
	at org.springframework.web.filter.RequestContextFilter.doFilterInternal(RequestContextFilter.java:100) ~[spring-web-5.3.16.jar:5.3.16]
	at org.springframework.web.filter.OncePerRequestFilter.doFilter(OncePerRequestFilter.java:117) ~[spring-web-5.3.16.jar:5.3.16]
	at org.apache.catalina.core.ApplicationFilterChain.internalDoFilter(ApplicationFilterChain.java:189) ~[tomcat-embed-core-9.0.58.jar:9.0.58]
	at org.apache.catalina.core.ApplicationFilterChain.doFilter(ApplicationFilterChain.java:162) ~[tomcat-embed-core-9.0.58.jar:9.0.58]
	at org.springframework.web.filter.FormContentFilter.doFilterInternal(FormContentFilter.java:93) ~[spring-web-5.3.16.jar:5.3.16]
	at org.springframework.web.filter.OncePerRequestFilter.doFilter(OncePerRequestFilter.java:117) ~[spring-web-5.3.16.jar:5.3.16]
	at org.apache.catalina.core.ApplicationFilterChain.internalDoFilter(ApplicationFilterChain.java:189) ~[tomcat-embed-core-9.0.58.jar:9.0.58]
	at org.apache.catalina.core.ApplicationFilterChain.doFilter(ApplicationFilterChain.java:162) ~[tomcat-embed-core-9.0.58.jar:9.0.58]
	at org.springframework.web.filter.CharacterEncodingFilter.doFilterInternal(CharacterEncodingFilter.java:201) ~[spring-web-5.3.16.jar:5.3.16]
	at org.springframework.web.filter.OncePerRequestFilter.doFilter(OncePerRequestFilter.java:117) ~[spring-web-5.3.16.jar:5.3.16]
	at org.apache.catalina.core.ApplicationFilterChain.internalDoFilter(ApplicationFilterChain.java:189) ~[tomcat-embed-core-9.0.58.jar:9.0.58]
	at org.apache.catalina.core.ApplicationFilterChain.doFilter(ApplicationFilterChain.java:162) ~[tomcat-embed-core-9.0.58.jar:9.0.58]
	at org.apache.catalina.core.StandardWrapperValve.invoke(StandardWrapperValve.java:197) [tomcat-embed-core-9.0.58.jar:9.0.58]
	at org.apache.catalina.core.StandardContextValve.invoke(StandardContextValve.java:97) [tomcat-embed-core-9.0.58.jar:9.0.58]
	at org.apache.catalina.authenticator.AuthenticatorBase.invoke(AuthenticatorBase.java:540) [tomcat-embed-core-9.0.58.jar:9.0.58]
	at org.apache.catalina.core.StandardHostValve.invoke(StandardHostValve.java:135) [tomcat-embed-core-9.0.58.jar:9.0.58]
	at org.apache.catalina.valves.ErrorReportValve.invoke(ErrorReportValve.java:92) [tomcat-embed-core-9.0.58.jar:9.0.58]
	at org.apache.catalina.core.StandardEngineValve.invoke(StandardEngineValve.java:78) [tomcat-embed-core-9.0.58.jar:9.0.58]
	at org.apache.catalina.connector.CoyoteAdapter.service(CoyoteAdapter.java:359) [tomcat-embed-core-9.0.58.jar:9.0.58]
	at org.apache.coyote.http11.Http11Processor.service(Http11Processor.java:399) [tomcat-embed-core-9.0.58.jar:9.0.58]
	at org.apache.coyote.AbstractProcessorLight.process(AbstractProcessorLight.java:65) [tomcat-embed-core-9.0.58.jar:9.0.58]
	at org.apache.coyote.AbstractProtocol$ConnectionHandler.process(AbstractProtocol.java:889) [tomcat-embed-core-9.0.58.jar:9.0.58]
	at org.apache.tomcat.util.net.NioEndpoint$SocketProcessor.doRun(NioEndpoint.java:1735) [tomcat-embed-core-9.0.58.jar:9.0.58]
	at org.apache.tomcat.util.net.SocketProcessorBase.run(SocketProcessorBase.java:49) [tomcat-embed-core-9.0.58.jar:9.0.58]
	at org.apache.tomcat.util.threads.ThreadPoolExecutor.runWorker(ThreadPoolExecutor.java:1191) [tomcat-embed-core-9.0.58.jar:9.0.58]
	at org.apache.tomcat.util.threads.ThreadPoolExecutor$Worker.run(ThreadPoolExecutor.java:659) [tomcat-embed-core-9.0.58.jar:9.0.58]
	at org.apache.tomcat.util.threads.TaskThread$WrappingRunnable.run(TaskThread.java:61) [tomcat-embed-core-9.0.58.jar:9.0.58]
	at java.lang.Thread.run(Thread.java:833) [?:?]
2022-04-22 16:36:08,643 INFO  11376 [http-nio-8080-exec-4] r.w.m.a.MusicAIGenerationApi.sendFile(MusicAIGenerationApi.java:28) : Send file to https://museitharm.herokuapp.com/api/file
2022-04-22 16:36:21,113 INFO  11376 [http-nio-8080-exec-4] r.w.m.a.MusicAIGenerationApi.sendFile(MusicAIGenerationApi.java:32) : Service return 200 status code
2022-04-22 16:36:21,115 INFO  11376 [http-nio-8080-exec-4] r.w.m.s.FileService.processFile(FileService.java:20) : File processing success
2022-04-22 16:44:03,167 INFO  16880 [main] o.s.b.StartupInfoLogger.logStarting(StartupInfoLogger.java:55) : Starting MuseitApplication using Java 17 on ren-ren with PID 16880 (D:\Projects\museit\target\classes started by rinya in D:\Projects\museit)
2022-04-22 16:44:03,172 DEBUG 16880 [main] o.s.b.StartupInfoLogger.logStarting(StartupInfoLogger.java:56) : Running with Spring Boot v2.6.4, Spring v5.3.16
2022-04-22 16:44:03,173 INFO  16880 [main] o.s.b.SpringApplication.logStartupProfileInfo(SpringApplication.java:640) : No active profile set, falling back to 1 default profile: "default"
2022-04-22 16:44:04,048 INFO  16880 [main] o.s.b.StartupInfoLogger.logStarted(StartupInfoLogger.java:61) : Started MuseitApplication in 1.147 seconds (JVM running for 1.817)
2022-04-27 22:03:29,316 INFO  17900 [main] o.s.b.StartupInfoLogger.logStarting(StartupInfoLogger.java:55) : Starting MuseitApplication using Java 17 on ren-ren with PID 17900 (D:\Projects\museit\target\classes started by rinya in D:\Projects\museit)
2022-04-27 22:03:29,330 DEBUG 17900 [main] o.s.b.StartupInfoLogger.logStarting(StartupInfoLogger.java:56) : Running with Spring Boot v2.6.4, Spring v5.3.16
2022-04-27 22:03:29,331 INFO  17900 [main] o.s.b.SpringApplication.logStartupProfileInfo(SpringApplication.java:640) : No active profile set, falling back to 1 default profile: "default"
2022-04-27 22:03:30,219 INFO  17900 [main] o.s.b.StartupInfoLogger.logStarted(StartupInfoLogger.java:61) : Started MuseitApplication in 1.159 seconds (JVM running for 2.445)
2022-04-27 22:03:36,237 INFO  17900 [http-nio-8080-exec-1] r.w.m.a.MusicAIGenerationApi.sendFile(MusicAIGenerationApi.java:28) : Send file to https://museitharm.herokuapp.com/api/file
2022-04-27 22:03:48,993 INFO  17900 [http-nio-8080-exec-1] r.w.m.a.MusicAIGenerationApi.sendFile(MusicAIGenerationApi.java:32) : Service return 200 status code
2022-04-27 22:03:48,996 INFO  17900 [http-nio-8080-exec-1] r.w.m.s.FileService.processFile(FileService.java:20) : File processing success
2022-04-27 22:04:23,948 INFO  17900 [http-nio-8080-exec-2] r.w.m.a.MusicAIGenerationApi.sendFile(MusicAIGenerationApi.java:28) : Send file to https://museitharm.herokuapp.com/api/file
2022-04-27 22:04:24,733 INFO  17900 [http-nio-8080-exec-2] r.w.m.a.MusicAIGenerationApi.sendFile(MusicAIGenerationApi.java:32) : Service return 200 status code
2022-04-27 22:04:24,734 INFO  17900 [http-nio-8080-exec-2] r.w.m.s.FileService.processFile(FileService.java:20) : File processing success
2022-04-27 22:15:25,741 INFO  17900 [http-nio-8080-exec-4] r.w.m.a.MusicAIGenerationApi.sendFile(MusicAIGenerationApi.java:28) : Send file to https://museitharm.herokuapp.com/api/file
2022-04-27 22:15:26,535 INFO  17900 [http-nio-8080-exec-4] r.w.m.a.MusicAIGenerationApi.sendFile(MusicAIGenerationApi.java:32) : Service return 200 status code
2022-04-27 22:15:26,536 INFO  17900 [http-nio-8080-exec-4] r.w.m.s.FileService.processFile(FileService.java:20) : File processing success
2022-04-27 22:15:51,752 INFO  17900 [http-nio-8080-exec-5] r.w.m.a.MusicAIGenerationApi.sendFile(MusicAIGenerationApi.java:28) : Send file to https://museitharm.herokuapp.com/api/file
2022-04-27 22:15:52,537 INFO  17900 [http-nio-8080-exec-5] r.w.m.a.MusicAIGenerationApi.sendFile(MusicAIGenerationApi.java:32) : Service return 200 status code
2022-04-27 22:15:52,538 INFO  17900 [http-nio-8080-exec-5] r.w.m.s.FileService.processFile(FileService.java:20) : File processing success
2022-04-27 22:16:11,493 INFO  17900 [http-nio-8080-exec-6] r.w.m.a.MusicAIGenerationApi.sendFile(MusicAIGenerationApi.java:28) : Send file to https://museitharm.herokuapp.com/api/file
2022-04-27 22:16:12,238 INFO  17900 [http-nio-8080-exec-6] r.w.m.a.MusicAIGenerationApi.sendFile(MusicAIGenerationApi.java:32) : Service return 200 status code
2022-04-27 22:16:12,239 INFO  17900 [http-nio-8080-exec-6] r.w.m.s.FileService.processFile(FileService.java:20) : File processing success
2022-04-27 22:16:37,284 INFO  17900 [http-nio-8080-exec-7] r.w.m.a.MusicAIGenerationApi.sendFile(MusicAIGenerationApi.java:28) : Send file to https://museitharm.herokuapp.com/api/file
2022-04-27 22:16:38,036 INFO  17900 [http-nio-8080-exec-7] r.w.m.a.MusicAIGenerationApi.sendFile(MusicAIGenerationApi.java:32) : Service return 200 status code
2022-04-27 22:16:38,037 INFO  17900 [http-nio-8080-exec-7] r.w.m.s.FileService.processFile(FileService.java:20) : File processing success
2022-04-27 22:16:50,719 INFO  17900 [http-nio-8080-exec-8] r.w.m.a.MusicAIGenerationApi.sendFile(MusicAIGenerationApi.java:28) : Send file to https://museitharm.herokuapp.com/api/file
2022-04-27 22:16:51,485 INFO  17900 [http-nio-8080-exec-8] r.w.m.a.MusicAIGenerationApi.sendFile(MusicAIGenerationApi.java:32) : Service return 200 status code
2022-04-27 22:16:51,486 INFO  17900 [http-nio-8080-exec-8] r.w.m.s.FileService.processFile(FileService.java:20) : File processing success
2022-04-28 20:40:31,818 INFO  17900 [http-nio-8080-exec-10] r.w.m.a.MusicAIGenerationApi.sendFile(MusicAIGenerationApi.java:28) : Send file to https://museitharm.herokuapp.com/api/file
2022-04-28 20:40:46,857 INFO  17900 [http-nio-8080-exec-10] r.w.m.a.MusicAIGenerationApi.sendFile(MusicAIGenerationApi.java:32) : Service return 200 status code
2022-04-28 20:40:46,857 INFO  17900 [http-nio-8080-exec-10] r.w.m.s.FileService.processFile(FileService.java:20) : File processing success
2022-04-28 21:48:58,087 INFO  17900 [http-nio-8080-exec-2] r.w.m.a.MusicAIGenerationApi.sendFile(MusicAIGenerationApi.java:28) : Send file to https://museitharm.herokuapp.com/api/file
2022-04-28 21:49:09,301 INFO  17900 [http-nio-8080-exec-2] r.w.m.a.MusicAIGenerationApi.sendFile(MusicAIGenerationApi.java:32) : Service return 200 status code
2022-04-28 21:49:09,302 INFO  17900 [http-nio-8080-exec-2] r.w.m.s.FileService.processFile(FileService.java:20) : File processing success
2022-04-29 13:22:08,704 WARN  17900 [http-nio-8080-exec-5] o.s.w.s.h.AbstractHandlerExceptionResolver.logException(AbstractHandlerExceptionResolver.java:208) : Resolved [org.springframework.web.multipart.support.MissingServletRequestPartException: Required request part 'file' is not present]
2022-04-29 13:24:02,946 WARN  17900 [http-nio-8080-exec-6] o.s.w.s.h.AbstractHandlerExceptionResolver.logException(AbstractHandlerExceptionResolver.java:208) : Resolved [org.springframework.web.multipart.support.MissingServletRequestPartException: Required request part 'file' is not present]
2022-04-29 13:24:14,880 WARN  17900 [http-nio-8080-exec-7] o.s.w.s.h.AbstractHandlerExceptionResolver.logException(AbstractHandlerExceptionResolver.java:208) : Resolved [org.springframework.web.multipart.support.MissingServletRequestPartException: Required request part 'file' is not present]
2022-04-29 13:26:01,930 WARN  17900 [http-nio-8080-exec-8] o.s.w.s.h.AbstractHandlerExceptionResolver.logException(AbstractHandlerExceptionResolver.java:208) : Resolved [org.springframework.web.multipart.support.MissingServletRequestPartException: Required request part 'file' is not present]
2022-04-29 13:26:02,816 WARN  17900 [http-nio-8080-exec-10] o.s.w.s.h.AbstractHandlerExceptionResolver.logException(AbstractHandlerExceptionResolver.java:208) : Resolved [org.springframework.web.multipart.support.MissingServletRequestPartException: Required request part 'file' is not present]
2022-04-29 13:26:03,396 WARN  17900 [http-nio-8080-exec-9] o.s.w.s.h.AbstractHandlerExceptionResolver.logException(AbstractHandlerExceptionResolver.java:208) : Resolved [org.springframework.web.multipart.support.MissingServletRequestPartException: Required request part 'file' is not present]
2022-04-29 13:26:03,593 WARN  17900 [http-nio-8080-exec-1] o.s.w.s.h.AbstractHandlerExceptionResolver.logException(AbstractHandlerExceptionResolver.java:208) : Resolved [org.springframework.web.multipart.support.MissingServletRequestPartException: Required request part 'file' is not present]
2022-04-29 13:26:26,541 INFO  17900 [http-nio-8080-exec-2] r.w.m.a.MusicAIGenerationApi.sendFile(MusicAIGenerationApi.java:28) : Send file to https://museitharm.herokuapp.com/api/file
2022-04-29 13:26:39,272 INFO  17900 [http-nio-8080-exec-2] r.w.m.a.MusicAIGenerationApi.sendFile(MusicAIGenerationApi.java:32) : Service return 200 status code
2022-04-29 13:26:39,272 INFO  17900 [http-nio-8080-exec-2] r.w.m.s.FileService.processFile(FileService.java:20) : File processing success
2022-04-29 13:28:05,513 INFO  17900 [http-nio-8080-exec-3] r.w.m.a.MusicAIGenerationApi.sendFile(MusicAIGenerationApi.java:28) : Send file to https://museitharm.herokuapp.com/api/file
2022-04-29 13:28:06,236 INFO  17900 [http-nio-8080-exec-3] r.w.m.a.MusicAIGenerationApi.sendFile(MusicAIGenerationApi.java:32) : Service return 200 status code
2022-04-29 13:28:06,237 INFO  17900 [http-nio-8080-exec-3] r.w.m.s.FileService.processFile(FileService.java:20) : File processing success
2022-04-29 13:44:22,786 INFO  17900 [http-nio-8080-exec-7] r.w.m.a.MusicAIGenerationApi.sendFile(MusicAIGenerationApi.java:28) : Send file to https://museitharm.herokuapp.com/api/file
2022-04-29 13:44:23,623 INFO  17900 [http-nio-8080-exec-7] r.w.m.a.MusicAIGenerationApi.sendFile(MusicAIGenerationApi.java:32) : Service return 200 status code
2022-04-29 13:44:23,623 INFO  17900 [http-nio-8080-exec-7] r.w.m.s.FileService.processFile(FileService.java:20) : File processing success
